Build started 14/08/2015 1:09:53 PM.
     1>Project "C:\Users\John\Documents\Visual Studio 2013\Projects\PASSProject\PASSProject\PASSProject.vcxproj" on node 2 (Rebuild target(s)).
     1>ClCompile:
         E:\Program Files (x86)\Microsoft Visual Studio 12.0\VC\bin\CL.exe /c /ZI /nologo /W3 /WX- /sdl /Od /Oy- /D WIN32 /D _DEBUG /D _CONSOLE /D _LIB /D _UNICODE /D UNICODE /Gm /EHsc /RTC1 /MDd /GS /fp:precise /Zc:wchar_t /Zc:forScope /Fo"Debug\\" /Fd"Debug\vc120.pdb" /Gd /TC /analyze- /errorReport:prompt collider.c Display.c event.c game_engine.c linked_list.c main.c player.c vector2.c
         vector2.c
         player.c
     1>c:\users\john\documents\visual studio 2013\projects\passproject\passproject\player.c(114): warning C4101: 'i' : unreferenced local variable
     1>c:\users\john\documents\visual studio 2013\projects\passproject\passproject\player.c(271): warning C4028: formal parameter 1 different from declaration
     1>c:\users\john\documents\visual studio 2013\projects\passproject\passproject\player.c(271): warning C4029: declared formal parameter list different from definition
     1>c:\users\john\documents\visual studio 2013\projects\passproject\passproject\player.c(272): warning C4113: 'void (__cdecl *)(void *)' differs in parameter lists from 'void (__cdecl *)(linked_list *,node *,void *)'
     1>c:\users\john\documents\visual studio 2013\projects\passproject\passproject\player.c(280): warning C4029: declared formal parameter list different from definition
         main.c
         linked_list.c
     1>c:\users\john\documents\visual studio 2013\projects\passproject\passproject\linked_list.c(240): warning C4028: formal parameter 2 different from declaration
         game_engine.c
     1>c:\users\john\documents\visual studio 2013\projects\passproject\passproject\game_engine.c(51): warning C4244: 'function' : conversion from 'float' to 'DWORD', possible loss of data
     1>c:\users\john\documents\visual studio 2013\projects\passproject\passproject\game_engine.c(59): warning C4101: 'i' : unreferenced local variable
     1>c:\users\john\documents\visual studio 2013\projects\passproject\passproject\game_engine.c(95): warning C4101: 'i' : unreferenced local variable
     1>c:\users\john\documents\visual studio 2013\projects\passproject\passproject\game_engine.c(129): warning C4101: 'i' : unreferenced local variable
     1>c:\users\john\documents\visual studio 2013\projects\passproject\passproject\game_engine.c(189): warning C4018: '<' : signed/unsigned mismatch
         event.c
         Display.c
     1>c:\users\john\documents\visual studio 2013\projects\passproject\passproject\display.c(65): warning C4018: '<' : signed/unsigned mismatch
         collider.c
         Generating Code...
     1>c:\users\john\documents\visual studio 2013\projects\passproject\passproject\display.c(45): warning C4717: 'refresh' : recursive on all control paths, function will cause runtime stack overflow
       Link:
         E:\Program Files (x86)\Microsoft Visual Studio 12.0\VC\bin\link.exe /ERRORREPORT:PROMPT /OUT:"C:\Users\John\Documents\Visual Studio 2013\Projects\PASSProject\Debug\PASSProject.exe" /INCREMENTAL /NOLOGO kernel32.lib user32.lib gdi32.lib winspool.lib comdlg32.lib advapi32.lib shell32.lib ole32.lib oleaut32.lib uuid.lib odbc32.lib odbccp32.lib /MANIFEST /MANIFESTUAC:"level='asInvoker' uiAccess='false'" /manifest:embed /DEBUG /PDB:"C:\Users\John\Documents\Visual Studio 2013\Projects\PASSProject\Debug\PASSProject.pdb" /SUBSYSTEM:CONSOLE /TLBID:1 /DYNAMICBASE /NXCOMPAT /IMPLIB:"C:\Users\John\Documents\Visual Studio 2013\Projects\PASSProject\Debug\PASSProject.lib" /MACHINE:X86 Debug\collider.obj
         Debug\Display.obj
         Debug\event.obj
         Debug\game_engine.obj
         Debug\linked_list.obj
         Debug\main.obj
         Debug\player.obj
         Debug\vector2.obj
         PASSProject.vcxproj -> C:\Users\John\Documents\Visual Studio 2013\Projects\PASSProject\Debug\PASSProject.exe
     1>Done Building Project "C:\Users\John\Documents\Visual Studio 2013\Projects\PASSProject\PASSProject\PASSProject.vcxproj" (Rebuild target(s)).

Build succeeded.

Time Elapsed 00:00:01.12
